<?xml version="1.0" encoding="UTF-8"?>
<!-- Generated by org.testng.reporters.JUnitXMLReporter -->
<testsuite ignored="0" hostname="mohin" failures="1" tests="2" name="Test1" time="18.072" errors="0" timestamp="2019-09-27T13:41:02 IST">
  <testcase classname="com.baseware.testCases.LoginTest" name="@AfterClass tearDown" time="0.368">
    <failure type="java.lang.NullPointerException">
      <![CDATA[java.lang.NullPointerException
at com.baseware.testCases.LoginTest.tearDown(LoginTest.java:79)
at java.base/java.util.ArrayList.forEach(ArrayList.java:1540)
... Removed 25 stack frames]]>
    </failure>
  </testcase> <!-- @AfterClass tearDown -->
  <testcase classname="com.baseware.testCases.InvalidLoginTest" name="verifyLogin" time="1.112"/>
  <testcase classname="com.baseware.testCases.LoginTest" name="verifyLogin" time="0.003">
    <failure type="java.lang.Error" message="Unresolved compilation problem: 
	pass cannot be resolved to a variable
">
      <![CDATA[java.lang.Error: Unresolved compilation problem: 
pass cannot be resolved to a variable

at com.baseware.testCases.LoginTest.verifyLogin(LoginTest.java:60)
at java.base/java.util.ArrayList.forEach(ArrayList.java:1540)
... Removed 27 stack frames]]>
    </failure>
  </testcase> <!-- verifyLogin -->
</testsuite> <!-- Test1 -->
